<?xml version="1.0" encoding="UTF-8"?>
<!-- Generated by org.testng.reporters.JUnitReportReporter -->
<testsuite hostname="Nahid" failures="0" tests="2" name="com.regression.RunnerFile" time="4.957" errors="0" timestamp="2023-07-06T12:39:06 EDT" skipped="0">
  <testcase classname="com.regression.RunnerFile" name="runScenario" time="3.400"/>
  <system-out/>
  <testcase classname="com.regression.RunnerFile" name="runScenario" time="1.557"/>
  <system-out/>
</testsuite> <!-- com.regression.RunnerFile -->
