<?xml version="1.0" encoding="UTF-8"?>
<!-- Generated by org.testng.reporters.JUnitReportReporter -->
<testsuite hostname="Nahid" failures="0" tests="2" name="com.regression.RunnerFile" time="5.623" errors="0" timestamp="2023-07-06T00:59:07 EDT" skipped="0">
  <testcase classname="com.regression.RunnerFile" name="runScenario" time="3.638"/>
  <system-out/>
  <testcase classname="com.regression.RunnerFile" name="runScenario" time="1.985"/>
  <system-out/>
</testsuite> <!-- com.regression.RunnerFile -->
