<?xml version="1.0" encoding="UTF-8"?>
<!-- Generated by org.testng.reporters.JUnitReportReporter -->
<testsuite hostname="Nahid" failures="0" tests="1" name="com.generic.Login" time="6.552" errors="0" timestamp="2023-06-07T22:55:25 EDT" skipped="0">
  <testcase classname="com.generic.Login" name="getLogin" time="6.552"/>
  <system-out/>
</testsuite> <!-- com.generic.Login -->
