<?xml version="1.0" encoding="UTF-8"?>
<!-- Generated by org.testng.reporters.JUnitReportReporter -->
<testsuite hostname="Nahid" failures="0" tests="2" name="com.regression.RunnerFile" time="3.940" errors="0" timestamp="2023-07-03T00:24:57 EDT" skipped="0">
  <testcase classname="com.regression.RunnerFile" name="runScenario" time="2.521"/>
  <system-out/>
  <testcase classname="com.regression.RunnerFile" name="runScenario" time="1.419"/>
  <system-out/>
</testsuite> <!-- com.regression.RunnerFile -->
